6
4
nohay
3
707
69
nohay
nohay
-31
nohay
8726
-8754
nohay
nohay
-3573
4171
nohay
-1216
nohay
7790
-7047
nohay
nohay
-8471
-8326
93077
32537
8089
79925
36370
96600
nohay
nohay
nohay
nohay
32240
70560
49797
61806
nohay
24764
53878
nohay
nohay
42276
26465
46187
nohay
48760
nohay
nohay
nohay
nohay
-36664
-63248
nohay
-89593
nohay
nohay
nohay
-98301
-88686
-69605
nohay
-20845
-2451
nohay
-62330
-37788
-59641
nohay
-13146
-27993
-37596
-15594
-179382
463190
621955
-213144
-142657
nohay
-629614
-327974
-757591
581279
nohay
-623101
-700716
76579
-495476
-5771913
48733558
-58863610
61404780
-56217667
nohay
-48492339
nohay
39496444
-85999326